<?xml version="1.0" encoding="UTF-8"?>
<!-- Generated by org.testng.reporters.JUnitReportReporter -->
<testsuite hostname="CP5569" failures="0" tests="1" name="StreamFilter" time="0.015" errors="0" timestamp="2021-12-12T20:54:50 BRST" skipped="0">
  <testcase classname="StreamFilter" name="streamOfFilter" time="0.015"/>
  <system-out/>
</testsuite> <!-- StreamFilter -->
