<?xml version="1.0" encoding="UTF-8"?>
<!-- Generated by org.testng.reporters.JUnitReportReporter -->
<testsuite hostname="CP5569" failures="0" tests="2" name="test2.NewPackage" time="0.010" errors="0" timestamp="2022-01-03T18:52:11 BRST" skipped="0">
  <testcase classname="test2.NewPackage" name="anotherTestInNewPackage" time="0.009"/>
  <system-out/>
  <testcase classname="test2.NewPackage" name="testInNewPackage" time="0.001"/>
  <system-out/>
</testsuite> <!-- test2.NewPackage -->
