<?xml version="1.0" encoding="UTF-8"?>
<!-- Generated by org.testng.reporters.JUnitReportReporter -->
<testsuite hostname="CP5569" failures="0" tests="5" name="test.Day3" time="0.006" errors="0" timestamp="2022-01-03T18:54:59 BRST" skipped="0">
  <testcase classname="test.Day3" name="MobileLogin1" time="0.002"/>
  <system-out/>
  <testcase classname="test.Day3" name="WebLogin" time="0.001"/>
  <system-out/>
  <testcase classname="test.Day3" name="MobileLogin2" time="0.001"/>
  <system-out/>
  <testcase classname="test.Day3" name="APILogin" time="0.001"/>
  <system-out/>
  <testcase classname="test.Day3" name="MobileLogin" time="0.001"/>
  <system-out/>
</testsuite> <!-- test.Day3 -->
