<?xml version="1.0" encoding="UTF-8"?>
<!-- Generated by org.testng.reporters.JUnitReportReporter -->
<testsuite hostname="CP5569" failures="0" tests="1" name="test.Day2" time="0.002" errors="0" timestamp="2022-01-04T17:21:08 BRST" skipped="0">
  <testcase classname="test.Day2" name="TestDay2" time="0.002"/>
  <system-out/>
</testsuite> <!-- test.Day2 -->
