<?xml version="1.0" encoding="UTF-8"?>
<!-- Generated by org.testng.reporters.JUnitReportReporter -->
<testsuite hostname="CP5569" failures="0" tests="1" name="test.Day2" time="0.001" errors="0" timestamp="2021-12-28T21:06:30 BRST" skipped="0">
  <testcase classname="test.Day2" name="TestDay2" time="0.001"/>
  <system-out/>
</testsuite> <!-- test.Day2 -->
