<?xml version="1.0" encoding="UTF-8"?>
<!-- Generated by org.testng.reporters.JUnitReportReporter -->
<testsuite hostname="CP5569" failures="0" tests="2" name="test.Day3" time="0.001" errors="0" timestamp="2022-01-03T18:21:48 BRST" skipped="0">
  <testcase classname="test.Day3" name="WebLogin" time="0.000"/>
  <system-out/>
  <testcase classname="test.Day3" name="APILogin" time="0.001"/>
  <system-out/>
</testsuite> <!-- test.Day3 -->
