<?xml version="1.0" encoding="UTF-8"?>
<!-- Generated by org.testng.reporters.JUnitReportReporter -->
<testsuite hostname="CP5569" failures="0" tests="1" name="test.Day1" time="0.008" errors="0" timestamp="2022-01-04T17:21:08 BRST" skipped="0">
  <testcase classname="test.Day1" name="SecondTestCase" time="0.008"/>
  <system-out/>
</testsuite> <!-- test.Day1 -->
