<?xml version="1.0" encoding="UTF-8"?>
<!-- Generated by org.testng.reporters.JUnitReportReporter -->
<testsuite hostname="CP5569" failures="0" tests="2" name="test.Day1" time="0.014" errors="0" timestamp="2022-01-03T18:54:59 BRST" skipped="0">
  <testcase classname="test.Day1" name="SecondTestCase" time="0.001"/>
  <system-out/>
  <testcase classname="test.Day1" name="Demo" time="0.013"/>
  <system-out/>
</testsuite> <!-- test.Day1 -->
