<?xml version="1.0" encoding="UTF-8"?>
<!-- Generated by org.testng.reporters.JUnitReportReporter -->
<testsuite hostname="CP5569" failures="0" tests="5" name="test.Day1" time="0.016" errors="0" timestamp="2022-01-04T18:12:21 BRST" skipped="1">
  <testcase classname="test.Day1" name="SecondTestCase" time="0.002"/>
  <system-out/>
  <testcase classname="test.Day1" name="atestThatDependsOnFirstMethod" time="0.001"/>
  <system-out/>
  <testcase classname="test.Day1" name="testWithTimeOut" time="0.006"/>
  <system-out/>
  <testcase classname="test.Day1" name="Demo" time="0.007"/>
  <system-out/>
  <testcase classname="test.Day1" name="testToSkip">
    <skipped/>
  </testcase> <!-- testToSkip -->
  <system-out/>
</testsuite> <!-- test.Day1 -->
