<?xml version="1.0" encoding="UTF-8"?>
<!-- Generated by org.testng.reporters.JUnitReportReporter -->
<testsuite hostname="CP5569" failures="0" tests="1" name="test.Day4" time="0.000" errors="0" timestamp="2022-01-04T17:21:08 BRST" skipped="0">
  <testcase classname="test.Day4" name="APILoginCarLoan" time="0.000"/>
  <system-out/>
</testsuite> <!-- test.Day4 -->
