<?xml version="1.0" encoding="UTF-8"?>
<!-- Generated by org.testng.reporters.JUnitReportReporter -->
<testsuite hostname="CP5569" failures="0" tests="2" name="test.Day1" time="0.014" errors="0" timestamp="2021-12-28T21:06:30 BRST" skipped="0">
  <testcase classname="test.Day1" name="Demo" time="0.012"/>
  <system-out/>
  <testcase classname="test.Day1" name="SecondTestCase" time="0.002"/>
  <system-out/>
</testsuite> <!-- test.Day1 -->
