<?xml version="1.0" encoding="UTF-8"?>
<!-- Generated by org.testng.reporters.JUnitReportReporter -->
<testsuite hostname="CP5569" failures="0" tests="1" name="test.Day3" time="0.001" errors="0" timestamp="2022-01-04T17:21:08 BRST" skipped="0">
  <testcase classname="test.Day3" name="MobileLogin2" time="0.001"/>
  <system-out/>
</testsuite> <!-- test.Day3 -->
