<?xml version="1.0" encoding="UTF-8"?>
<!-- Generated by org.testng.reporters.JUnitReportReporter -->
<testsuite hostname="CP5569" failures="0" tests="1" name="test.Day1" time="0.007" errors="0" timestamp="2022-01-03T18:21:48 BRST" skipped="0">
  <testcase classname="test.Day1" name="Demo" time="0.007"/>
  <system-out/>
</testsuite> <!-- test.Day1 -->
