<?xml version="1.0" encoding="UTF-8"?>
<!-- Generated by org.testng.reporters.JUnitReportReporter -->
<testsuite hostname="CP5569" failures="0" tests="3" name="test.Day4" time="0.004" errors="0" timestamp="2022-01-03T18:21:48 BRST" skipped="0">
  <testcase classname="test.Day4" name="APILoginCarLoan" time="0.001"/>
  <system-out/>
  <testcase classname="test.Day4" name="MobileLoginCarLoan" time="0.002"/>
  <system-out/>
  <testcase classname="test.Day4" name="WebLoginCarLoan" time="0.001"/>
  <system-out/>
</testsuite> <!-- test.Day4 -->
